<?xml version="1.0" encoding="UTF-8"?>
<Site BuildName="(empty)"
	BuildStamp="20240630-0508-Experimental"
	Name="(empty)"
	Generator="ctest-3.27.2-msvc1"
	CompilerName=""
	CompilerVersion=""
	OSName="Windows"
	Hostname="PC"
	OSRelease=" Personal"
	OSVersion=" (Build 19045)"
	OSPlatform="AMD64"
	Is64Bits="1"
	VendorString="AuthenticAMD"
	VendorID="Advanced Micro Devices"
	FamilyID="15"
	ModelID="0"
	ProcessorCacheSize="64"
	NumberOfLogicalCPU="12"
	NumberOfPhysicalCPU="6"
	TotalVirtualMemory="23076"
	TotalPhysicalMemory="16251"
	LogicalProcessorsPerPhysical="2"
	ProcessorClockFrequency="3593"
	>
	<Testing>
		<StartDateTime>Jun 30 14:49 Hora Padr[NON-UTF-8-BYTE-0xE3]o Brasil Central</StartDateTime>
		<StartTestTime>1719773387</StartTestTime>
		<TestList/>
		<EndDateTime>Jun 30 14:49 Hora Padr[NON-UTF-8-BYTE-0xE3]o Brasil Central</EndDateTime>
		<EndTestTime>1719773387</EndTestTime>
		<ElapsedMinutes>0</ElapsedMinutes>
	</Testing>
</Site>
